Content-Type: multipart/alternative;
 boundary="===============5216833378843979383=="
MIME-Version: 1.0
Subject: Profile activation
From: test@example.com
To: admin123@gmail.com
Date: Fri, 15 Feb 2019 13:37:48 -0000
Message-ID: <155023786823.24116.3584855638885378502@AMDC3345.digital.local>

--===============5216833378843979383==
Content-Type: text/plain; charset="utf-8"
MIME-Version: 1.0
Content-Transfer-Encoding: 7bit



To activate your profile, please follow this link:

http://127.0.0.1:8000/accounts/activate/N36gvhKEjGXysFZ0U0La/

--===============5216833378843979383==
Content-Type: text/html; charset="utf-8"
MIME-Version: 1.0
Content-Transfer-Encoding: 7bit



<!DOCTYPE html PUBLIC "-//W3C//DTD XHTML 1.0 Transitional//EN"
        "http://www.w3.org/TR/xhtml1/DTD/xhtml1-transitional.dtd">
<html xmlns="http://www.w3.org/1999/xhtml">
<head>
    <meta http-equiv="Content-Type" content="text/html; charset=UTF-8"/>
    <title>Profile activation</title>
    <meta name="viewport" content="width=device-width, initial-scale=1.0"/>
</head>

<body>

<p>
    To activate your profile, please follow this link:
</p>

<p>
    <a href="http://127.0.0.1:8000/accounts/activate/N36gvhKEjGXysFZ0U0La/">http://127.0.0.1:8000/accounts/activate/N36gvhKEjGXysFZ0U0La/</a>
</p>

</body>

</html>

--===============5216833378843979383==--

-------------------------------------------------------------------------------
