Content-Type: multipart/alternative;
 boundary="===============3434554457173479716=="
MIME-Version: 1.0
Subject: Profile activation
From: test@example.com
To: asd@asd.pl
Date: Fri, 15 Feb 2019 12:23:03 -0000
Message-ID: <155023338387.19879.4909613870741531948@AMDC3345.digital.local>

--===============3434554457173479716==
Content-Type: text/plain; charset="utf-8"
MIME-Version: 1.0
Content-Transfer-Encoding: 7bit



To activate your profile, please follow this link:

http://localhost:8000/accounts/activate/W5cemdE0EWDC4UAlatvh/

--===============3434554457173479716==
Content-Type: text/html; charset="utf-8"
MIME-Version: 1.0
Content-Transfer-Encoding: 7bit



<!DOCTYPE html PUBLIC "-//W3C//DTD XHTML 1.0 Transitional//EN"
        "http://www.w3.org/TR/xhtml1/DTD/xhtml1-transitional.dtd">
<html xmlns="http://www.w3.org/1999/xhtml">
<head>
    <meta http-equiv="Content-Type" content="text/html; charset=UTF-8"/>
    <title>Profile activation</title>
    <meta name="viewport" content="width=device-width, initial-scale=1.0"/>
</head>

<body>

<p>
    To activate your profile, please follow this link:
</p>

<p>
    <a href="http://localhost:8000/accounts/activate/W5cemdE0EWDC4UAlatvh/">http://localhost:8000/accounts/activate/W5cemdE0EWDC4UAlatvh/</a>
</p>

</body>

</html>

--===============3434554457173479716==--

-------------------------------------------------------------------------------
